TN:
SF:src/index.ts
FN:58,mergeJoin
FN:82,(anonymous_7)
FN:102,(anonymous_8)
FN:137,process
FN:186,clean
FN:202,(anonymous_11)
FN:212,(anonymous_12)
FN:225,cleanCache
FN:231,parse
FNF:9
FNH:8
FNDA:46,mergeJoin
FNDA:14,(anonymous_7)
FNDA:29,(anonymous_8)
FNDA:47,process
FNDA:46,clean
FNDA:3,(anonymous_11)
FNDA:0,(anonymous_12)
FNDA:92,cleanCache
FNDA:47,parse
DA:8,1
DA:9,1
DA:10,1
DA:11,1
DA:12,1
DA:13,1
DA:14,1
DA:15,1
DA:59,46
DA:60,46
DA:61,72
DA:62,72
DA:63,72
DA:65,72
DA:66,24
DA:67,24
DA:68,24
DA:69,24
DA:70,24
DA:71,24
DA:72,24
DA:73,24
DA:76,24
DA:78,24
DA:80,24
DA:81,13
DA:82,13
DA:83,14
DA:84,14
DA:85,32
DA:86,32
DA:87,32
DA:88,0
DA:89,0
DA:91,32
DA:92,32
DA:93,27
DA:95,32
DA:99,13
DA:100,26
DA:102,26
DA:103,29
DA:104,29
DA:105,29
DA:106,0
DA:108,29
DA:110,29
DA:111,29
DA:114,26
DA:116,26
DA:117,29
DA:121,11
DA:122,11
DA:123,11
DA:134,46
DA:137,1
DA:138,47
DA:139,47
DA:140,47
DA:141,73
DA:142,73
DA:143,73
DA:144,73
DA:146,26
DA:147,26
DA:150,25
DA:151,25
DA:152,25
DA:153,25
DA:154,25
DA:157,40
DA:158,40
DA:161,40
DA:162,40
DA:163,40
DA:164,40
DA:165,40
DA:168,7
DA:169,7
DA:172,7
DA:173,7
DA:174,7
DA:175,7
DA:176,7
DA:179,0
DA:182,46
DA:183,46
DA:186,1
DA:187,46
DA:188,46
DA:190,46
DA:192,46
DA:193,6
DA:194,6
DA:196,46
DA:197,2
DA:198,2
DA:199,2
DA:200,2
DA:201,1
DA:202,1
DA:203,3
DA:205,1
DA:207,1
DA:208,1
DA:210,44
DA:211,0
DA:212,0
DA:213,0
DA:216,0
DA:221,44
DA:222,44
DA:225,1
DA:226,92
DA:227,0
DA:231,1
DA:236,47
DA:237,47
DA:238,47
DA:239,46
DA:240,46
DA:241,3
DA:243,43
LF:123
LH:114
BRDA:61,0,0,72
BRDA:65,1,0,24
BRDA:68,2,0,24
BRDA:71,3,0,24
BRDA:80,4,0,13
BRDA:80,4,1,11
BRDA:87,5,0,0
BRDA:92,6,0,27
BRDA:105,7,0,0
BRDA:111,8,0,29
BRDA:111,8,1,0
BRDA:144,9,0,26
BRDA:144,9,1,40
BRDA:144,9,2,7
BRDA:144,9,3,0
BRDA:150,10,0,0
BRDA:150,10,1,25
BRDA:161,11,0,0
BRDA:161,11,1,40
BRDA:172,12,0,0
BRDA:172,12,1,7
BRDA:192,13,0,6
BRDA:192,14,0,46
BRDA:192,14,1,6
BRDA:196,15,0,2
BRDA:200,16,0,1
BRDA:200,17,0,2
BRDA:200,17,1,1
BRDA:210,18,0,0
BRDA:211,19,0,0
BRDA:211,19,1,0
BRDA:226,20,0,0
BRDA:234,21,0,0
BRDA:240,22,0,3
BRF:34
BRH:22
end_of_record
TN:
SF:src/function/function.js
FN:6,(anonymous_0)
FN:8,(anonymous_1)
FN:16,(anonymous_2)
FN:21,(anonymous_3)
FN:24,(anonymous_4)
FN:27,(anonymous_5)
FN:37,(anonymous_6)
FN:40,(anonymous_7)
FN:77,(anonymous_8)
FN:80,(anonymous_9)
FN:111,(anonymous_10)
FN:135,(anonymous_11)
FN:157,(anonymous_12)
FNF:13
FNH:6
FNDA:0,(anonymous_0)
FNDA:0,(anonymous_1)
FNDA:0,(anonymous_2)
FNDA:0,(anonymous_3)
FNDA:0,(anonymous_4)
FNDA:0,(anonymous_5)
FNDA:14,(anonymous_6)
FNDA:34,(anonymous_7)
FNDA:14,(anonymous_8)
FNDA:34,(anonymous_9)
FNDA:14,(anonymous_10)
FNDA:4,(anonymous_11)
FNDA:0,(anonymous_12)
DA:1,1
DA:2,1
DA:3,1
DA:4,1
DA:6,1
DA:7,0
DA:8,0
DA:9,0
DA:10,0
DA:13,0
DA:16,1
DA:17,0
DA:18,0
DA:19,0
DA:20,0
DA:21,0
DA:22,0
DA:23,0
DA:24,0
DA:25,0
DA:26,0
DA:27,0
DA:28,0
DA:30,0
DA:34,0
DA:37,1
DA:39,14
DA:40,14
DA:41,34
DA:43,34
DA:44,14
DA:46,14
DA:47,4
DA:52,14
DA:53,0
DA:58,14
DA:59,10
DA:60,10
DA:61,10
DA:66,14
DA:67,0
DA:74,14
DA:77,1
DA:78,14
DA:79,14
DA:80,14
DA:81,34
DA:82,34
DA:83,20
DA:86,20
DA:87,17
DA:89,20
DA:90,2
DA:92,20
DA:93,0
DA:95,20
DA:96,1
DA:98,20
DA:99,0
DA:101,20
DA:108,14
DA:111,1
DA:113,14
DA:115,4
DA:116,4
DA:118,10
DA:119,10
DA:120,8
DA:122,2
DA:124,10
DA:126,0
DA:127,0
DA:128,0
DA:130,0
DA:132,14
DA:135,1
DA:136,4
DA:137,4
DA:138,4
DA:140,0
DA:141,0
DA:143,0
DA:144,0
DA:146,4
DA:147,4
DA:149,0
DA:152,4
DA:153,4
DA:157,1
DA:158,0
DA:160,0
DA:165,0
DA:166,0
DA:167,0
DA:168,0
DA:169,0
DA:174,0
DA:175,0
DA:176,0
DA:177,0
DA:178,0
DA:183,0
DA:184,0
DA:190,0
DA:191,0
DA:193,0
DA:194,0
DA:195,0
DA:199,1
DA:200,1
DA:201,1
LF:111
LH:60
BRDA:9,0,0,0
BRDA:9,0,1,0
BRDA:20,1,0,0
BRDA:20,1,1,0
BRDA:24,2,0,0
BRDA:24,2,1,0
BRDA:26,3,0,0
BRDA:26,3,1,0
BRDA:43,4,0,14
BRDA:43,4,1,20
BRDA:46,5,0,4
BRDA:46,5,1,10
BRDA:52,6,0,0
BRDA:52,6,1,14
BRDA:58,7,0,10
BRDA:58,7,1,4
BRDA:66,8,0,0
BRDA:66,8,1,14
BRDA:82,9,0,20
BRDA:82,9,1,14
BRDA:86,10,0,17
BRDA:86,10,1,3
BRDA:89,11,0,2
BRDA:89,11,1,18
BRDA:92,12,0,0
BRDA:92,12,1,20
BRDA:95,13,0,1
BRDA:95,13,1,19
BRDA:98,14,0,0
BRDA:98,14,1,20
BRDA:98,15,0,20
BRDA:98,15,1,20
BRDA:113,16,0,4
BRDA:113,16,1,10
BRDA:113,16,2,0
BRDA:113,16,3,0
BRDA:119,17,0,8
BRDA:119,17,1,2
BRDA:119,18,0,10
BRDA:119,18,1,10
BRDA:119,18,2,9
BRDA:138,19,0,0
BRDA:138,19,1,0
BRDA:138,19,2,4
BRDA:138,19,3,0
BRDA:165,20,0,0
BRDA:165,20,1,0
BRDA:174,21,0,0
BRDA:174,21,1,0
BRF:49
BRH:28
end_of_record
TN:
SF:src/function/predefined.js
FN:6,(anonymous_0)
FN:8,(anonymous_1)
FN:16,(anonymous_2)
FN:24,(anonymous_3)
FN:33,(anonymous_4)
FNF:5
FNH:2
FNDA:2,(anonymous_0)
FNDA:0,(anonymous_1)
FNDA:0,(anonymous_2)
FNDA:0,(anonymous_3)
FNDA:4,(anonymous_4)
DA:1,1
DA:2,1
DA:4,1
DA:6,2
DA:8,1
DA:9,0
DA:10,0
DA:11,0
DA:12,0
DA:13,0
DA:16,1
DA:17,0
DA:18,0
DA:19,0
DA:20,0
DA:21,0
DA:24,1
DA:25,0
DA:26,0
DA:28,0
DA:31,1
DA:33,1
DA:34,4
DA:35,4
DA:38,1
LF:25
LH:12
BRDA:25,0,0,0
BRDA:25,0,1,0
BRDA:25,1,0,0
BRDA:25,1,1,0
BRF:4
BRH:0
end_of_record
TN:
SF:src/helper/objectHelper.js
FN:4,(anonymous_0)
FN:5,(anonymous_1)
FN:9,(anonymous_2)
FN:10,(anonymous_3)
FN:16,(anonymous_4)
FN:18,(anonymous_5)
FN:28,(anonymous_6)
FN:38,(anonymous_7)
FN:39,(anonymous_8)
FNF:9
FNH:9
FNDA:99,(anonymous_0)
FNDA:1172,(anonymous_1)
FNDA:235,(anonymous_2)
FNDA:653,(anonymous_3)
FNDA:46,(anonymous_4)
FNDA:72,(anonymous_5)
FNDA:110,(anonymous_6)
FNDA:235,(anonymous_7)
FNDA:635,(anonymous_8)
DA:1,1
DA:2,1
DA:4,1
DA:5,1172
DA:6,99
DA:9,1
DA:10,235
DA:11,653
DA:12,464
DA:16,1
DA:17,46
DA:18,46
DA:19,72
DA:20,72
DA:21,110
DA:22,110
DA:25,46
DA:28,1
DA:29,110
DA:30,37
DA:32,110
DA:33,29
DA:38,1
DA:39,235
DA:40,635
DA:41,13
DA:42,13
DA:43,0
DA:45,13
DA:46,13
DA:47,13
DA:48,622
DA:49,189
DA:54,1
DA:55,1
DA:56,1
DA:57,1
LF:37
LH:36
BRDA:11,0,0,189
BRDA:11,0,1,464
BRDA:11,1,0,653
BRDA:11,1,1,635
BRDA:12,2,0,18
BRDA:12,2,1,446
BRDA:29,3,0,37
BRDA:29,3,1,73
BRDA:32,4,0,29
BRDA:32,4,1,81
BRDA:40,5,0,13
BRDA:40,5,1,622
BRDA:40,6,0,635
BRDA:40,6,1,635
BRDA:42,7,0,0
BRDA:42,7,1,13
BRDA:42,8,0,13
BRDA:42,8,1,13
BRDA:42,8,2,13
BRDA:48,9,0,189
BRDA:48,9,1,433
BRDA:48,10,0,622
BRDA:48,10,1,622
BRF:23
BRH:22
end_of_record
TN:
SF:src/helper/prefixHelper.js
FN:4,(anonymous_0)
FN:23,(anonymous_1)
FN:33,(anonymous_2)
FN:43,(anonymous_3)
FN:45,(anonymous_4)
FN:57,(anonymous_5)
FN:65,(anonymous_6)
FN:76,(anonymous_7)
FNF:8
FNH:8
FNDA:2483,(anonymous_0)
FNDA:2483,(anonymous_1)
FNDA:2483,(anonymous_2)
FNDA:724,(anonymous_3)
FNDA:2269,(anonymous_4)
FNDA:214,(anonymous_5)
FNDA:22,(anonymous_6)
FNDA:3266,(anonymous_7)
DA:1,1
DA:4,1
DA:5,2483
DA:6,0
DA:7,0
DA:9,0
DA:11,0
DA:12,0
DA:13,0
DA:15,0
DA:17,0
DA:19,2483
DA:23,1
DA:24,2483
DA:25,2483
DA:26,2483
DA:27,4
DA:29,2483
DA:33,1
DA:34,2483
DA:35,2483
DA:36,2483
DA:37,1423
DA:39,2483
DA:43,1
DA:44,724
DA:45,724
DA:46,2269
DA:47,2269
DA:48,2269
DA:49,2269
DA:50,2269
DA:52,724
DA:57,1
DA:58,214
DA:59,214
DA:60,214
DA:61,214
DA:65,1
DA:66,22
DA:67,22
DA:68,286
DA:69,286
DA:70,286
DA:73,22
DA:76,1
DA:77,3266
DA:78,212
DA:80,3054
DA:81,20
DA:83,3054
DA:84,1859
DA:86,1195
DA:87,1195
DA:88,1189
DA:89,2
DA:92,1187
DA:95,6
DA:98,1
LF:59
LH:51
BRDA:5,0,0,0
BRDA:5,0,1,2483
BRDA:7,1,0,0
BRDA:7,1,1,0
BRDA:13,2,0,0
BRDA:13,2,1,0
BRDA:26,3,0,4
BRDA:26,3,1,2479
BRDA:36,4,0,1423
BRDA:36,4,1,1060
BRDA:68,5,0,286
BRDA:68,5,1,0
BRDA:77,6,0,212
BRDA:77,6,1,3054
BRDA:80,7,0,20
BRDA:80,7,1,3034
BRDA:83,8,0,1859
BRDA:83,8,1,1195
BRDA:87,9,0,1189
BRDA:87,9,1,6
BRDA:88,10,0,2
BRDA:88,10,1,1187
BRF:22
BRH:16
end_of_record
TN:
SF:src/helper/replace.js
FN:1,(anonymous_0)
FN:3,(anonymous_1)
FN:6,(anonymous_2)
FN:7,(anonymous_3)
FN:11,(anonymous_4)
FN:35,(anonymous_5)
FNF:6
FNH:6
FNDA:6,(anonymous_0)
FNDA:2395,(anonymous_1)
FNDA:53,(anonymous_2)
FNDA:805,(anonymous_3)
FNDA:805,(anonymous_4)
FNDA:6,(anonymous_5)
DA:1,6
DA:3,2395
DA:6,1
DA:7,805
DA:8,0
DA:10,53
DA:11,805
DA:12,53
DA:13,805
DA:14,2293
DA:15,62
DA:16,164
DA:17,159
DA:18,159
DA:21,2231
DA:22,614
DA:23,614
DA:27,53
DA:28,6
DA:29,9
DA:32,53
DA:35,1
DA:36,6
DA:38,6
DA:39,6
DA:40,6
DA:42,0
DA:43,0
DA:48,1
DA:49,1
LF:30
LH:27
BRDA:3,0,0,2395
BRDA:3,0,1,1175
BRDA:6,1,0,47
BRDA:7,2,0,0
BRDA:7,2,1,53
BRDA:14,3,0,62
BRDA:14,3,1,2231
BRDA:16,4,0,159
BRDA:16,4,1,5
BRDA:16,5,0,164
BRDA:16,5,1,162
BRDA:21,6,0,614
BRDA:21,6,1,1617
BRDA:21,7,0,2231
BRDA:21,7,1,1013
BRDA:27,8,0,6
BRDA:27,8,1,47
BRF:17
BRH:16
end_of_record
TN:
SF:src/helper/vocabulary.ts
FN:1,createNamespace
FNF:1
FNH:1
FNDA:3,createNamespace
DA:2,3
DA:3,3
DA:4,7
DA:6,3
DA:9,1
DA:15,1
DA:19,1
LF:7
LH:7
BRF:0
BRH:0
end_of_record
TN:
SF:src/input-parser/CSVParser.js
FN:5,(anonymous_0)
FN:17,(anonymous_1)
FN:21,(anonymous_2)
FNF:3
FNH:3
FNDA:7,(anonymous_0)
FNDA:7,(anonymous_1)
FNDA:46,(anonymous_2)
DA:1,1
DA:2,1
DA:6,7
DA:7,7
DA:9,7
DA:13,7
DA:14,7
DA:18,7
DA:22,46
DA:23,8
DA:25,38
DA:26,38
DA:28,0
DA:32,1
LF:14
LH:13
BRDA:10,0,0,1
BRDA:10,0,1,6
BRDA:10,1,0,7
BRDA:10,1,1,1
BRDA:22,2,0,8
BRDA:22,2,1,38
BRDA:25,3,0,38
BRDA:25,3,1,0
BRDA:25,4,0,38
BRDA:25,4,1,38
BRF:10
BRH:9
end_of_record
TN:
SF:src/input-parser/FontoxpathParser.js
FN:6,(anonymous_0)
FN:9,(anonymous_1)
FN:14,(anonymous_2)
FN:18,(anonymous_3)
FNF:4
FNH:4
FNDA:1,(anonymous_0)
FNDA:1,(anonymous_1)
FNDA:1,(anonymous_2)
FNDA:2,(anonymous_3)
DA:1,1
DA:2,1
DA:4,1
DA:6,1
DA:10,1
DA:11,1
DA:15,1
DA:19,2
DA:20,0
DA:22,2
DA:23,2
DA:24,2
DA:28,1
LF:13
LH:12
BRDA:19,0,0,0
BRDA:19,0,1,2
BRF:2
BRH:1
end_of_record
TN:
SF:src/input-parser/JSONParser.js
FN:5,(anonymous_0)
FN:11,(anonymous_1)
FN:15,(anonymous_2)
FN:23,(anonymous_3)
FN:26,(anonymous_4)
FN:28,(anonymous_5)
FNF:6
FNH:6
FNDA:40,(anonymous_0)
FNDA:40,(anonymous_1)
FNDA:157,(anonymous_2)
FNDA:158,(anonymous_3)
FNDA:3,(anonymous_4)
FNDA:157,(anonymous_5)
DA:1,1
DA:2,1
DA:6,40
DA:7,40
DA:8,40
DA:12,40
DA:16,157
DA:17,157
DA:18,157
DA:23,158
DA:25,157
DA:26,3
DA:28,157
DA:32,1
LF:14
LH:14
BRDA:17,0,0,0
BRDA:17,0,1,157
BRDA:21,1,0,8
BRDA:21,1,1,149
BRDA:23,2,0,158
BRDA:23,2,1,158
BRDA:25,3,0,1
BRDA:25,3,1,156
BRDA:25,4,0,157
BRDA:25,4,1,144
BRF:10
BRH:9
end_of_record
TN:
SF:src/input-parser/XMLParser.js
FN:5,getPathToElem
FN:24,(anonymous_1)
FN:29,(anonymous_2)
FN:33,(anonymous_3)
FN:44,(anonymous_4)
FNF:5
FNH:5
FNDA:12,getPathToElem
FNDA:24,(anonymous_1)
FNDA:24,(anonymous_2)
FNDA:67,(anonymous_3)
FNDA:70,(anonymous_4)
DA:1,1
DA:2,1
DA:6,12
DA:7,4
DA:9,8
DA:10,8
DA:11,8
DA:12,16
DA:13,16
DA:14,8
DA:16,8
DA:17,2
DA:20,0
DA:25,24
DA:26,24
DA:30,24
DA:35,67
DA:36,67
DA:37,67
DA:38,67
DA:39,4
DA:41,63
DA:42,0
DA:44,63
DA:45,70
DA:46,3
DA:48,67
DA:49,67
DA:50,67
DA:51,67
DA:52,67
DA:53,67
DA:59,63
DA:63,1
LF:34
LH:32
BRDA:6,0,0,4
BRDA:6,0,1,8
BRDA:13,1,0,8
BRDA:13,1,1,8
BRDA:16,2,0,2
BRDA:16,2,1,6
BRDA:16,3,0,8
BRDA:16,3,1,2
BRDA:38,4,0,4
BRDA:38,4,1,63
BRDA:38,5,0,67
BRDA:38,5,1,4
BRDA:41,6,0,0
BRDA:41,6,1,63
BRDA:45,7,0,3
BRDA:45,7,1,67
BRDA:49,8,0,67
BRDA:49,8,1,0
BRDA:52,9,0,67
BRDA:52,9,1,0
BRF:20
BRH:17
end_of_record
TN:
SF:src/input-parser/XmlParserCpp.js
FN:11,(anonymous_0)
FN:19,(anonymous_1)
FN:23,(anonymous_2)
FN:30,(anonymous_3)
FNF:4
FNH:1
FNDA:1,(anonymous_0)
FNDA:0,(anonymous_1)
FNDA:0,(anonymous_2)
FNDA:0,(anonymous_3)
DA:2,1
DA:3,1
DA:8,1
DA:12,1
DA:13,1
DA:14,1
DA:16,0
DA:20,0
DA:24,0
DA:25,0
DA:27,0
DA:31,0
DA:35,1
LF:13
LH:7
BRDA:13,0,0,1
BRDA:13,0,1,0
BRDA:24,1,0,0
BRDA:24,1,1,0
BRF:4
BRH:1
end_of_record
TN:
SF:src/input-parser/helper.js
FN:5,(anonymous_0)
FN:14,(anonymous_1)
FN:17,(anonymous_2)
FN:50,(anonymous_3)
FN:57,(anonymous_4)
FN:104,(anonymous_5)
FN:114,(anonymous_6)
FN:121,(anonymous_7)
FN:128,(anonymous_8)
FN:135,(anonymous_9)
FN:148,(anonymous_10)
FN:161,(anonymous_11)
FN:168,(anonymous_12)
FN:174,(anonymous_13)
FN:190,(anonymous_14)
FN:203,(anonymous_15)
FN:205,(anonymous_16)
FN:207,(anonymous_17)
FN:209,(anonymous_18)
FN:217,(anonymous_19)
FN:218,(anonymous_20)
FN:220,(anonymous_21)
FN:226,(anonymous_22)
FN:231,(anonymous_23)
FN:243,(anonymous_24)
FN:249,(anonymous_25)
FN:251,(anonymous_26)
FN:257,(anonymous_27)
FN:270,(anonymous_28)
FN:277,(anonymous_29)
FN:282,(anonymous_30)
FN:306,(anonymous_31)
FN:306,(anonymous_32)
FN:306,(anonymous_33)
FN:308,(anonymous_34)
FN:311,(anonymous_35)
FN:314,(anonymous_36)
FNF:37
FNH:33
FNDA:6,(anonymous_0)
FNDA:14,(anonymous_1)
FNDA:20,(anonymous_2)
FNDA:0,(anonymous_3)
FNDA:178,(anonymous_4)
FNDA:58,(anonymous_5)
FNDA:313,(anonymous_6)
FNDA:356,(anonymous_7)
FNDA:918,(anonymous_8)
FNDA:0,(anonymous_9)
FNDA:40,(anonymous_10)
FNDA:48,(anonymous_11)
FNDA:27,(anonymous_12)
FNDA:13,(anonymous_13)
FNDA:73,(anonymous_14)
FNDA:40,(anonymous_15)
FNDA:24,(anonymous_16)
FNDA:7,(anonymous_17)
FNDA:2,(anonymous_18)
FNDA:3280,(anonymous_19)
FNDA:0,(anonymous_20)
FNDA:47,(anonymous_21)
FNDA:33,(anonymous_22)
FNDA:29,(anonymous_23)
FNDA:29,(anonymous_24)
FNDA:152,(anonymous_25)
FNDA:25,(anonymous_26)
FNDA:47,(anonymous_27)
FNDA:336,(anonymous_28)
FNDA:288,(anonymous_29)
FNDA:0,(anonymous_30)
FNDA:26,(anonymous_31)
FNDA:3,(anonymous_32)
FNDA:5,(anonymous_33)
FNDA:272,(anonymous_34)
FNDA:15,(anonymous_35)
FNDA:6,(anonymous_36)
DA:1,1
DA:2,1
DA:3,1
DA:5,1
DA:6,6
DA:7,6
DA:8,6
DA:9,6
DA:11,6
DA:14,1
DA:15,14
DA:16,14
DA:18,20
DA:19,20
DA:20,2
DA:21,18
DA:22,17
DA:23,1
DA:24,0
DA:25,0
DA:26,0
DA:28,0
DA:29,0
DA:31,0
DA:32,1
DA:33,1
DA:34,1
DA:35,1
DA:36,1
DA:37,1
DA:40,20
DA:41,17
DA:43,20
DA:44,20
DA:47,14
DA:50,1
DA:51,0
DA:52,0
DA:54,0
DA:57,1
DA:58,178
DA:59,178
DA:60,188
DA:62,0
DA:64,188
DA:65,12
DA:67,188
DA:68,18
DA:69,6
DA:74,6
DA:75,3
DA:76,3
DA:77,3
DA:78,3
DA:79,3
DA:80,3
DA:82,0
DA:85,0
DA:86,0
DA:87,0
DA:90,12
DA:91,12
DA:92,12
DA:93,12
DA:95,170
DA:96,12
DA:97,12
DA:99,158
DA:104,1
DA:105,58
DA:106,58
DA:107,58
DA:108,66
DA:109,66
DA:111,58
DA:114,1
DA:115,313
DA:116,292
DA:118,21
DA:121,1
DA:122,356
DA:123,185
DA:125,356
DA:128,1
DA:129,918
DA:130,385
DA:132,918
DA:135,1
DA:136,0
DA:137,0
DA:138,0
DA:139,0
DA:140,0
DA:142,0
DA:144,0
DA:148,1
DA:149,40
DA:150,3
DA:151,3
DA:152,3
DA:153,3
DA:155,3
DA:157,37
DA:161,1
DA:162,48
DA:163,48
DA:165,0
DA:168,1
DA:169,27
DA:170,27
DA:171,27
DA:174,1
DA:175,13
DA:176,13
DA:178,0
DA:179,0
DA:180,0
DA:181,0
DA:184,13
DA:185,13
DA:186,13
DA:187,13
DA:190,1
DA:191,73
DA:192,47
DA:194,73
DA:195,25
DA:196,25
DA:198,48
DA:199,48
DA:200,48
DA:203,40
DA:205,24
DA:207,7
DA:209,2
DA:217,3280
DA:218,1
DA:220,1
DA:221,47
DA:222,47
DA:223,47
DA:226,1
DA:227,33
DA:228,0
DA:230,33
DA:231,29
DA:233,4
DA:234,4
DA:235,4
DA:236,4
DA:237,4
DA:240,4
DA:243,1
DA:244,29
DA:245,29
DA:246,29
DA:249,152
DA:251,1
DA:252,25
DA:253,25
DA:254,25
DA:255,25
DA:257,1
DA:258,47
DA:259,0
DA:261,47
DA:262,47
DA:264,47
DA:265,47
DA:267,47
DA:270,1
DA:271,336
DA:273,0
DA:277,1
DA:279,288
DA:280,0
DA:281,0
DA:282,0
DA:283,0
DA:286,0
DA:288,288
DA:290,288
DA:291,0
DA:292,0
DA:293,0
DA:294,0
DA:297,288
DA:298,288
DA:301,0
DA:303,288
DA:306,26
DA:308,1
DA:309,272
DA:310,272
DA:311,18
DA:313,272
DA:314,8
DA:316,272
DA:319,1
DA:320,1
DA:321,1
DA:322,1
DA:323,1
DA:324,1
DA:325,1
DA:326,1
DA:327,1
DA:328,1
DA:329,1
DA:330,1
DA:331,1
DA:332,1
DA:333,1
DA:334,1
DA:335,1
DA:336,1
DA:337,1
DA:338,1
DA:339,1
DA:340,1
DA:342,1
DA:343,1
DA:344,1
LF:223
LH:184
BRDA:19,0,0,2
BRDA:19,0,1,18
BRDA:21,1,0,17
BRDA:21,1,1,1
BRDA:23,2,0,0
BRDA:23,2,1,1
BRDA:32,3,0,1
BRDA:32,3,1,0
BRDA:40,4,0,17
BRDA:40,4,1,3
BRDA:40,5,0,20
BRDA:40,5,1,20
BRDA:51,6,0,0
BRDA:51,6,1,0
BRDA:51,7,0,0
BRDA:51,7,1,0
BRDA:60,8,0,0
BRDA:60,8,1,188
BRDA:64,9,0,12
BRDA:64,9,1,176
BRDA:65,10,0,0
BRDA:65,10,1,12
BRDA:67,11,0,18
BRDA:67,11,1,170
BRDA:67,12,0,188
BRDA:67,12,1,182
BRDA:68,13,0,6
BRDA:68,13,1,12
BRDA:74,14,0,3
BRDA:74,14,1,3
BRDA:74,15,0,6
BRDA:74,15,1,6
BRDA:79,16,0,3
BRDA:79,16,1,0
BRDA:95,17,0,12
BRDA:95,17,1,158
BRDA:115,18,0,292
BRDA:115,18,1,21
BRDA:122,19,0,185
BRDA:122,19,1,171
BRDA:129,20,0,385
BRDA:129,20,1,533
BRDA:136,21,0,0
BRDA:136,21,1,0
BRDA:137,22,0,0
BRDA:137,22,1,0
BRDA:149,23,0,3
BRDA:149,23,1,37
BRDA:150,24,0,3
BRDA:150,24,1,0
BRDA:162,25,0,48
BRDA:162,25,1,0
BRDA:162,26,0,48
BRDA:162,26,1,48
BRDA:162,26,2,48
BRDA:176,27,0,0
BRDA:176,27,1,13
BRDA:176,28,0,13
BRDA:176,28,1,13
BRDA:191,29,0,47
BRDA:191,29,1,26
BRDA:194,30,0,25
BRDA:194,30,1,48
BRDA:227,31,0,0
BRDA:227,31,1,33
BRDA:230,32,0,29
BRDA:230,32,1,4
BRDA:258,33,0,0
BRDA:258,33,1,47
BRDA:261,34,0,47
BRDA:261,34,1,0
BRDA:264,35,0,47
BRDA:264,35,1,0
BRDA:271,36,0,0
BRDA:271,36,1,336
BRDA:271,37,0,336
BRDA:271,37,1,336
BRDA:279,38,0,0
BRDA:279,38,1,288
BRDA:280,39,0,0
BRDA:280,39,1,0
BRDA:288,40,0,288
BRDA:288,40,1,0
BRDA:290,41,0,0
BRDA:290,41,1,288
BRDA:310,42,0,18
BRDA:310,42,1,254
BRDA:313,43,0,8
BRDA:313,43,1,264
BRF:89
BRH:63
end_of_record
TN:
SF:src/input-parser/logicalSourceParser.js
FN:6,(anonymous_0)
FN:7,(anonymous_1)
FNF:2
FNH:2
FNDA:73,(anonymous_0)
FNDA:935,(anonymous_1)
DA:1,1
DA:6,1
DA:7,935
DA:8,73
DA:10,0
DA:12,73
DA:13,73
DA:14,73
DA:15,73
DA:16,73
DA:17,73
DA:18,7
DA:20,73
DA:21,73
DA:23,0
DA:24,0
DA:26,73
DA:27,73
DA:28,73
DA:30,0
DA:32,73
DA:34,0
DA:37,73
DA:44,0
DA:47,1
LF:25
LH:19
BRDA:8,0,0,0
BRDA:8,0,1,73
BRDA:17,1,0,7
BRDA:17,1,1,66
BRDA:20,2,0,73
BRDA:20,2,1,0
BRDA:20,3,0,73
BRDA:20,3,1,73
BRDA:20,3,2,73
BRDA:21,4,0,0
BRDA:21,4,1,73
BRDA:21,4,2,0
BRDA:27,5,0,73
BRDA:27,5,1,0
BRF:14
BRH:9
end_of_record
TN:
SF:src/input-parser/parser.js
FN:17,(anonymous_0)
FN:58,(anonymous_1)
FN:69,(anonymous_2)
FN:74,(anonymous_3)
FN:88,(anonymous_4)
FN:214,(anonymous_5)
FN:233,(anonymous_6)
FN:248,(anonymous_7)
FN:271,(anonymous_8)
FN:293,(anonymous_9)
FN:331,(anonymous_10)
FN:368,(anonymous_11)
FN:396,(anonymous_12)
FN:412,(anonymous_13)
FNF:14
FNH:13
FNDA:73,(anonymous_0)
FNDA:110,(anonymous_1)
FNDA:72,(anonymous_2)
FNDA:14,(anonymous_3)
FNDA:0,(anonymous_4)
FNDA:110,(anonymous_5)
FNDA:6,(anonymous_6)
FNDA:220,(anonymous_7)
FNDA:222,(anonymous_8)
FNDA:7,(anonymous_9)
FNDA:160,(anonymous_10)
FNDA:29,(anonymous_11)
FNDA:29,(anonymous_12)
FNDA:33,(anonymous_13)
DA:1,1
DA:3,1
DA:4,1
DA:5,1
DA:6,1
DA:7,1
DA:8,1
DA:9,1
DA:10,1
DA:11,1
DA:13,1
DA:15,1
DA:17,1
DA:18,73
DA:20,73
DA:22,26
DA:24,1
DA:25,25
DA:26,1
DA:28,24
DA:30,25
DA:32,40
DA:33,40
DA:35,7
DA:36,7
DA:38,0
DA:40,72
DA:41,72
DA:42,0
DA:44,72
DA:58,1
DA:59,110
DA:60,29
DA:62,110
DA:63,32
DA:64,32
DA:69,1
DA:70,72
DA:71,72
DA:72,1328
DA:73,13
DA:74,14
DA:75,13
DA:79,72
DA:80,72
DA:81,0
DA:85,72
DA:86,63
DA:87,0
DA:88,0
DA:89,0
DA:92,63
DA:95,72
DA:97,72
DA:98,72
DA:99,72
DA:100,0
DA:101,0
DA:102,0
DA:104,0
DA:105,0
DA:106,0
DA:107,0
DA:111,0
DA:112,0
DA:113,0
DA:115,0
DA:116,0
DA:117,0
DA:118,0
DA:120,0
DA:121,0
DA:123,0
DA:124,0
DA:128,72
DA:129,9
DA:130,9
DA:131,22
DA:132,1
DA:134,22
DA:135,22
DA:136,22
DA:137,20
DA:138,0
DA:139,0
DA:141,0
DA:142,0
DA:144,0
DA:145,0
DA:147,0
DA:148,0
DA:150,0
DA:152,0
DA:154,0
DA:157,20
DA:158,20
DA:159,5
DA:161,20
DA:162,20
DA:163,0
DA:165,20
DA:166,20
DA:169,63
DA:170,2
DA:171,4
DA:172,4
DA:173,4
DA:174,4
DA:175,4
DA:176,0
DA:178,4
DA:179,4
DA:180,4
DA:182,61
DA:187,61
DA:188,86
DA:189,1
DA:191,86
DA:192,86
DA:193,86
DA:194,1
DA:196,86
DA:197,85
DA:199,86
DA:200,86
DA:201,85
DA:203,86
DA:204,86
DA:207,0
DA:210,72
DA:211,72
DA:214,1
DA:215,110
DA:216,104
DA:217,104
DA:218,104
DA:219,220
DA:220,220
DA:221,0
DA:222,0
DA:225,220
DA:229,110
DA:230,110
DA:233,1
DA:234,6
DA:235,2
DA:237,4
DA:238,2
DA:239,2
DA:241,2
DA:242,2
DA:243,2
DA:245,0
DA:248,1
DA:249,220
DA:251,220
DA:252,0
DA:256,220
DA:257,220
DA:258,220
DA:259,2
DA:260,4
DA:263,218
DA:267,220
DA:268,0
DA:270,220
DA:272,222
DA:273,222
DA:274,222
DA:275,222
DA:276,222
DA:277,222
DA:279,222
DA:280,6
DA:283,222
DA:284,6
DA:285,0
DA:289,222
DA:290,222
DA:292,5
DA:293,5
DA:294,7
DA:295,7
DA:296,7
DA:298,0
DA:301,0
DA:303,3
DA:304,0
DA:308,3
DA:312,3
DA:314,4
DA:316,0
DA:319,0
DA:323,7
DA:324,7
DA:326,217
DA:328,159
DA:329,159
DA:330,159
DA:331,159
DA:332,160
DA:334,159
DA:335,150
DA:336,150
DA:338,58
DA:340,14
DA:341,14
DA:343,14
DA:344,1
DA:345,0
DA:349,1
DA:354,14
DA:355,44
DA:358,37
DA:359,37
DA:361,37
DA:362,26
DA:364,26
DA:365,26
DA:367,26
DA:368,29
DA:374,11
DA:375,0
DA:379,11
DA:380,11
DA:384,7
DA:385,7
DA:386,7
DA:387,7
DA:388,7
DA:389,7
DA:396,1
DA:397,29
DA:398,5
DA:401,29
DA:402,29
DA:403,29
DA:404,29
DA:405,29
DA:406,29
DA:407,0
DA:409,29
DA:410,33
DA:412,29
DA:413,33
DA:414,33
DA:416,29
DA:417,29
DA:418,29
DA:419,29
DA:420,33
DA:421,25
DA:423,33
DA:425,29
DA:427,29
DA:428,29
DA:430,29
DA:433,1
LF:258
LH:206
BRDA:20,0,0,26
BRDA:20,0,1,40
BRDA:20,0,2,7
BRDA:20,0,3,0
BRDA:22,1,0,1
BRDA:22,1,1,25
BRDA:22,2,0,26
BRDA:22,2,1,26
BRDA:22,2,2,1
BRDA:22,2,3,25
BRDA:22,2,4,1
BRDA:25,3,0,1
BRDA:25,3,1,24
BRDA:25,4,0,25
BRDA:25,4,1,25
BRDA:25,4,2,1
BRDA:41,5,0,0
BRDA:41,5,1,72
BRDA:59,6,0,29
BRDA:59,6,1,81
BRDA:59,7,0,110
BRDA:59,7,1,110
BRDA:63,8,0,32
BRDA:63,8,1,0
BRDA:72,9,0,13
BRDA:72,9,1,1315
BRDA:72,10,0,1328
BRDA:72,10,1,58
BRDA:72,10,2,24
BRDA:80,11,0,0
BRDA:80,11,1,72
BRDA:80,12,0,72
BRDA:80,12,1,72
BRDA:85,13,0,63
BRDA:85,13,1,9
BRDA:86,14,0,0
BRDA:86,14,1,63
BRDA:95,15,0,2
BRDA:95,15,1,70
BRDA:95,16,0,72
BRDA:95,16,1,63
BRDA:99,17,0,0
BRDA:99,17,1,72
BRDA:101,18,0,0
BRDA:101,18,1,0
BRDA:112,19,0,0
BRDA:112,19,1,0
BRDA:115,20,0,0
BRDA:115,20,1,0
BRDA:116,21,0,0
BRDA:116,21,1,0
BRDA:120,22,0,0
BRDA:120,22,1,0
BRDA:128,23,0,9
BRDA:128,23,1,63
BRDA:131,24,0,1
BRDA:131,24,1,21
BRDA:137,25,0,0
BRDA:137,25,1,20
BRDA:139,26,0,0
BRDA:139,26,1,0
BRDA:139,26,2,0
BRDA:139,26,3,0
BRDA:144,27,0,0
BRDA:144,27,1,0
BRDA:144,28,0,0
BRDA:144,28,1,0
BRDA:144,28,2,0
BRDA:144,28,3,0
BRDA:147,29,0,0
BRDA:147,29,1,0
BRDA:158,30,0,5
BRDA:158,30,1,15
BRDA:162,31,0,0
BRDA:162,31,1,20
BRDA:169,32,0,2
BRDA:169,32,1,61
BRDA:175,33,0,0
BRDA:175,33,1,4
BRDA:182,34,0,61
BRDA:182,34,1,0
BRDA:182,35,0,61
BRDA:182,35,1,60
BRDA:182,35,2,60
BRDA:188,36,0,1
BRDA:188,36,1,85
BRDA:193,37,0,1
BRDA:193,37,1,85
BRDA:196,38,0,85
BRDA:196,38,1,1
BRDA:200,39,0,85
BRDA:200,39,1,1
BRDA:215,40,0,104
BRDA:215,40,1,6
BRDA:220,41,0,0
BRDA:220,41,1,220
BRDA:234,42,0,2
BRDA:234,42,1,4
BRDA:237,43,0,2
BRDA:237,43,1,2
BRDA:241,44,0,2
BRDA:241,44,1,0
BRDA:251,45,0,0
BRDA:251,45,1,220
BRDA:257,46,0,220
BRDA:257,46,1,0
BRDA:258,47,0,2
BRDA:258,47,1,218
BRDA:267,48,0,0
BRDA:267,48,1,220
BRDA:275,49,0,1
BRDA:275,49,1,221
BRDA:279,50,0,6
BRDA:279,50,1,216
BRDA:283,51,0,6
BRDA:283,51,1,216
BRDA:284,52,0,0
BRDA:284,52,1,6
BRDA:290,53,0,5
BRDA:290,53,1,217
BRDA:294,54,0,7
BRDA:294,54,1,0
BRDA:296,55,0,0
BRDA:296,55,1,3
BRDA:296,55,2,4
BRDA:296,55,3,0
BRDA:303,56,0,0
BRDA:303,56,1,3
BRDA:326,57,0,159
BRDA:326,57,1,58
BRDA:334,58,0,150
BRDA:334,58,1,9
BRDA:334,59,0,159
BRDA:334,59,1,159
BRDA:338,60,0,14
BRDA:338,60,1,44
BRDA:343,61,0,1
BRDA:343,61,1,13
BRDA:343,62,0,14
BRDA:343,62,1,1
BRDA:343,62,2,1
BRDA:344,63,0,0
BRDA:344,63,1,1
BRDA:355,64,0,37
BRDA:355,64,1,7
BRDA:355,65,0,44
BRDA:355,65,1,37
BRDA:358,66,0,37
BRDA:358,66,1,0
BRDA:361,67,0,26
BRDA:361,67,1,11
BRDA:364,68,0,26
BRDA:364,68,1,0
BRDA:374,69,0,0
BRDA:374,69,1,11
BRDA:384,70,0,7
BRDA:384,70,1,0
BRDA:397,71,0,5
BRDA:397,71,1,24
BRDA:406,72,0,0
BRDA:406,72,1,29
BRDA:406,73,0,29
BRDA:406,73,1,29
BRDA:420,74,0,25
BRDA:420,74,1,8
BRDA:420,75,0,33
BRDA:420,75,1,11
BRF:167
BRH:119
end_of_record
TN:
SF:src/mapfile/mapfileParser.js
FN:7,(anonymous_0)
FN:13,(anonymous_1)
FN:13,(anonymous_2)
FN:18,(anonymous_3)
FN:24,(anonymous_4)
FN:40,hasLogicalSource
FN:41,(anonymous_6)
FN:43,hasSubjectMap
FN:44,(anonymous_8)
FN:47,isFunction
FN:66,(anonymous_10)
FN:72,(anonymous_11)
FN:88,(anonymous_12)
FN:90,(anonymous_13)
FN:93,(anonymous_14)
FN:98,(anonymous_15)
FN:112,(anonymous_16)
FN:122,(anonymous_17)
FNF:18
FNH:18
FNDA:47,(anonymous_0)
FNDA:47,(anonymous_1)
FNDA:47,(anonymous_2)
FNDA:1428,(anonymous_3)
FNDA:47,(anonymous_4)
FNDA:784,hasLogicalSource
FNDA:2062,(anonymous_6)
FNDA:75,hasSubjectMap
FNDA:308,(anonymous_8)
FNDA:85,isFunction
FNDA:47,(anonymous_10)
FNDA:784,(anonymous_11)
FNDA:47,(anonymous_12)
FNDA:157,(anonymous_13)
FNDA:47,(anonymous_14)
FNDA:3135,(anonymous_15)
FNDA:47,(anonymous_16)
FNDA:627,(anonymous_17)
DA:1,1
DA:2,1
DA:3,1
DA:4,1
DA:5,1
DA:7,1
DA:8,47
DA:9,47
DA:10,47
DA:13,47
DA:14,47
DA:15,47
DA:16,47
DA:17,47
DA:19,1428
DA:20,0
DA:21,1428
DA:22,1381
DA:24,47
DA:25,47
DA:26,0
DA:27,0
DA:29,47
DA:30,47
DA:31,47
DA:33,0
DA:41,2062
DA:44,308
DA:48,85
DA:49,81
DA:50,81
DA:51,160
DA:52,0
DA:54,160
DA:55,160
DA:56,160
DA:57,10
DA:62,75
DA:66,1
DA:67,47
DA:68,47
DA:70,0
DA:72,47
DA:73,784
DA:74,784
DA:75,75
DA:76,0
DA:78,75
DA:81,47
DA:83,0
DA:85,47
DA:88,1
DA:89,47
DA:90,157
DA:93,1
DA:94,47
DA:95,47
DA:96,47
DA:98,627
DA:99,3135
DA:100,157
DA:102,157
DA:103,157
DA:104,157
DA:108,47
DA:112,1
DA:113,47
DA:114,47
DA:115,47
DA:116,47
DA:117,47
DA:118,42
DA:120,47
DA:121,47
DA:122,627
DA:123,47
DA:124,47
DA:125,47
DA:126,47
DA:127,47
DA:130,1
DA:131,1
LF:82
LH:74
BRDA:19,0,0,0
BRDA:19,0,1,1428
BRDA:21,1,0,1381
BRDA:21,1,1,47
BRDA:25,2,0,0
BRDA:25,2,1,47
BRDA:48,3,0,81
BRDA:48,3,1,4
BRDA:51,4,0,0
BRDA:51,4,1,160
BRDA:51,5,0,160
BRDA:51,5,1,0
BRDA:51,5,2,0
BRDA:54,6,0,160
BRDA:54,6,1,0
BRDA:54,7,0,160
BRDA:54,7,1,160
BRDA:54,7,2,160
BRDA:56,8,0,10
BRDA:56,8,1,150
BRDA:56,9,0,160
BRDA:56,9,1,160
BRDA:56,9,2,160
BRDA:56,9,3,154
BRDA:68,10,0,0
BRDA:68,10,1,47
BRDA:68,11,0,47
BRDA:68,11,1,47
BRDA:74,12,0,75
BRDA:74,12,1,709
BRDA:74,13,0,784
BRDA:74,13,1,85
BRDA:75,14,0,0
BRDA:75,14,1,75
BRDA:81,15,0,0
BRDA:81,15,1,47
BRDA:99,16,0,157
BRDA:99,16,1,2978
BRDA:117,17,0,42
BRDA:117,17,1,5
BRDA:117,18,0,47
BRDA:117,18,1,42
BRDA:120,19,0,47
BRDA:120,19,1,0
BRF:44
BRH:34
end_of_record
